2025-09-22T17:27:30:  ⨯ Failed to start server
2025-09-22T17:27:30:  ⨯ Failed to start server
2025-09-22T17:27:31:  ⨯ Failed to start server
2025-09-22T17:27:31:  ⨯ Failed to start server
2025-09-22T17:27:31:  ⨯ Failed to start server
2025-09-22T17:27:31:  ⨯ Failed to start server
2025-09-22T17:27:32:  ⨯ Failed to start server
2025-09-22T17:27:32:  ⨯ Failed to start server
2025-09-22T17:27:32:  ⨯ Failed to start server
2025-09-22T17:27:32:  ⨯ Failed to start server
2025-09-22T17:27:33:  ⨯ Failed to start server
2025-09-22T17:27:33:  ⨯ Failed to start server
2025-09-22T17:27:33:  ⨯ Failed to start server
2025-09-22T17:27:34:  ⨯ Failed to start server
2025-09-22T17:27:34:  ⨯ Failed to start server
2025-09-22T17:27:34:  ⨯ Failed to start server
2025-09-22T17:29:29:  ⨯ Failed to start server
2025-09-22T17:29:29:  ⨯ Failed to start server
2025-09-22T17:29:30:  ⨯ Failed to start server
2025-09-22T17:29:30:  ⨯ Failed to start server
2025-09-22T17:29:30:  ⨯ Failed to start server
2025-09-22T17:29:30:  ⨯ Failed to start server
2025-09-22T17:29:31:  ⨯ Failed to start server
2025-09-22T17:29:31:  ⨯ Failed to start server
2025-09-22T17:29:31:  ⨯ Failed to start server
2025-09-22T17:29:31:  ⨯ Failed to start server
2025-09-22T17:29:32:  ⨯ Failed to start server
2025-09-22T17:29:32:  ⨯ Failed to start server
2025-09-22T17:29:32:  ⨯ Failed to start server
2025-09-22T17:29:32:  ⨯ Failed to start server
2025-09-22T17:29:33:  ⨯ Failed to start server
2025-09-22T17:29:33:  ⨯ Failed to start server
2025-09-22T17:31:27:  ⨯ Failed to start server
2025-09-22T17:31:27:  ⨯ Failed to start server
2025-09-22T17:31:28:  ⨯ Failed to start server
2025-09-22T17:31:28:  ⨯ Failed to start server
2025-09-22T17:31:28:  ⨯ Failed to start server
2025-09-22T17:31:28:  ⨯ Failed to start server
2025-09-22T17:31:29:  ⨯ Failed to start server
2025-09-22T17:31:29:  ⨯ Failed to start server
2025-09-22T17:31:29:  ⨯ Failed to start server
2025-09-22T17:31:29:  ⨯ Failed to start server
2025-09-22T17:31:30:  ⨯ Failed to start server
2025-09-22T17:31:30:  ⨯ Failed to start server
2025-09-22T17:31:30:  ⨯ Failed to start server
2025-09-22T17:31:30:  ⨯ Failed to start server
2025-09-22T17:31:31:  ⨯ Failed to start server
2025-09-22T17:31:31:  ⨯ Failed to start server
2025-09-22T17:32:39: [TypeError: routesManifest.dataRoutes is not iterable]
2025-09-22T17:32:39: [TypeError: routesManifest.dataRoutes is not iterable]
2025-09-22T17:32:40: [TypeError: routesManifest.dataRoutes is not iterable]
2025-09-22T17:32:40: [TypeError: routesManifest.dataRoutes is not iterable]
2025-09-22T17:32:40: [TypeError: routesManifest.dataRoutes is not iterable]
2025-09-22T17:32:41: [TypeError: routesManifest.dataRoutes is not iterable]
2025-09-22T17:32:41: [TypeError: routesManifest.dataRoutes is not iterable]
2025-09-22T17:32:42: [TypeError: routesManifest.dataRoutes is not iterable]
2025-09-22T17:32:42: [TypeError: routesManifest.dataRoutes is not iterable]
2025-09-22T17:32:43: [TypeError: routesManifest.dataRoutes is not iterable]
2025-09-22T17:32:43: [TypeError: routesManifest.dataRoutes is not iterable]
2025-09-22T17:32:43: [TypeError: routesManifest.dataRoutes is not iterable]
2025-09-22T17:32:44: [TypeError: routesManifest.dataRoutes is not iterable]
2025-09-22T17:32:44: [TypeError: routesManifest.dataRoutes is not iterable]
2025-09-22T17:32:45: [TypeError: routesManifest.dataRoutes is not iterable]
2025-09-22T17:32:45: [TypeError: routesManifest.dataRoutes is not iterable]
2025-09-22T17:53:16:  ⨯ The requested resource isn't a valid image for /uploads/orders/~7169306/ec3b5175-530a-4316-afd9-38143ca6552e.png received null
2025-09-22T17:55:37: Photo upload error: Error [PrismaClientKnownRequestError]: 
Invalid `prisma.$executeRaw()` invocation:


Raw query failed. Code: `2627`. Message: `Violation of PRIMARY KEY constraint 'ENTFOT_PK'. Cannot insert duplicate key in object 'dbo.FOT'. The duplicate key value is (213).`
    at rS.handleRequestError (.next/server/chunks/[root-of-the-server]__881f1b83._.js:132:7858)
    at rS.handleAndLogRequestError (.next/server/chunks/[root-of-the-server]__881f1b83._.js:132:6918)
    at rS.request (.next/server/chunks/[root-of-the-server]__881f1b83._.js:132:6625)
    at async t (.next/server/chunks/[root-of-the-server]__881f1b83._.js:144:7467)
    at async j (.next/server/chunks/[root-of-the-server]__496e1228._.js:5:112)
    at async u (.next/server/chunks/[root-of-the-server]__496e1228._.js:8:2863)
    at async i (.next/server/chunks/[root-of-the-server]__496e1228._.js:8:3895) {
  code: 'P2010',
  meta: [Object],
  clientVersion: '6.16.1'
}
2025-09-22T17:57:42: Photo upload error: Error [PrismaClientKnownRequestError]: 
Invalid `prisma.$executeRaw()` invocation:


Raw query failed. Code: `515`. Message: `Cannot insert the value NULL into column 'ENTFOT', table 'MotosMunozDatos.dbo.FOT'; column does not allow nulls. INSERT fails.`
    at rS.handleRequestError (.next/server/chunks/[root-of-the-server]__881f1b83._.js:132:7858)
    at rS.handleAndLogRequestError (.next/server/chunks/[root-of-the-server]__881f1b83._.js:132:6918)
    at rS.request (.next/server/chunks/[root-of-the-server]__881f1b83._.js:132:6625)
    at async t (.next/server/chunks/[root-of-the-server]__881f1b83._.js:144:7467)
    at async j (.next/server/chunks/[root-of-the-server]__496e1228._.js:5:110)
    at async u (.next/server/chunks/[root-of-the-server]__496e1228._.js:8:2863)
    at async i (.next/server/chunks/[root-of-the-server]__496e1228._.js:8:3895) {
  code: 'P2010',
  meta: [Object],
  clientVersion: '6.16.1'
}
2025-09-22T17:59:59: Upload path creation error: Error: Network image path not configured in PRM table. Please add a record with NOMPRM = "Carpetalmagenes"
    at U (.next/server/chunks/[root-of-the-server]__496e1228._.js:3:285)
    at async j (.next/server/chunks/[root-of-the-server]__496e1228._.js:3:1349)
    at async u (.next/server/chunks/[root-of-the-server]__496e1228._.js:8:2863)
    at async i (.next/server/chunks/[root-of-the-server]__496e1228._.js:8:3895)
    at async _ (.next/server/chunks/[root-of-the-server]__496e1228._.js:8:5028)
2025-09-22T18:02:15: Upload path creation error: Error: Network image path not configured in PRM table. Please add a record with NOMPRM = "Carpetalmagenes"
    at U (.next/server/chunks/[root-of-the-server]__496e1228._.js:3:285)
    at async j (.next/server/chunks/[root-of-the-server]__496e1228._.js:3:1349)
    at async u (.next/server/chunks/[root-of-the-server]__496e1228._.js:8:2863)
    at async i (.next/server/chunks/[root-of-the-server]__496e1228._.js:8:3895)
    at async _ (.next/server/chunks/[root-of-the-server]__496e1228._.js:8:5028)
2025-09-22T18:08:48: Photo upload error: Error [PrismaClientKnownRequestError]: 
Invalid `prisma.$executeRaw()` invocation:


Raw query failed. Code: `515`. Message: `Cannot insert the value NULL into column 'ENTFOT', table 'MotosMunozDatos.dbo.FOT'; column does not allow nulls. INSERT fails.`
    at rS.handleRequestError (.next/server/chunks/[root-of-the-server]__881f1b83._.js:132:7858)
    at rS.handleAndLogRequestError (.next/server/chunks/[root-of-the-server]__881f1b83._.js:132:6918)
    at rS.request (.next/server/chunks/[root-of-the-server]__881f1b83._.js:132:6625)
    at async t (.next/server/chunks/[root-of-the-server]__881f1b83._.js:144:7467)
    at async j (.next/server/chunks/[root-of-the-server]__496e1228._.js:5:110)
    at async u (.next/server/chunks/[root-of-the-server]__496e1228._.js:8:2863)
    at async i (.next/server/chunks/[root-of-the-server]__496e1228._.js:8:3895) {
  code: 'P2010',
  meta: [Object],
  clientVersion: '6.16.1'
}
2025-09-22T18:10:49: Photo upload error: Error [PrismaClientKnownRequestError]: 
Invalid `prisma.$executeRaw()` invocation:


Raw query failed. Code: `515`. Message: `Cannot insert the value NULL into column 'ENTFOT', table 'MotosMunozDatos.dbo.FOT'; column does not allow nulls. INSERT fails.`
    at rS.handleRequestError (.next/server/chunks/[root-of-the-server]__881f1b83._.js:132:7858)
    at rS.handleAndLogRequestError (.next/server/chunks/[root-of-the-server]__881f1b83._.js:132:6918)
    at rS.request (.next/server/chunks/[root-of-the-server]__881f1b83._.js:132:6625)
    at async t (.next/server/chunks/[root-of-the-server]__881f1b83._.js:144:7467)
    at async j (.next/server/chunks/[root-of-the-server]__496e1228._.js:5:110)
    at async u (.next/server/chunks/[root-of-the-server]__496e1228._.js:8:2863)
    at async i (.next/server/chunks/[root-of-the-server]__496e1228._.js:8:3895) {
  code: 'P2010',
  meta: [Object],
  clientVersion: '6.16.1'
}
2025-09-22T18:12:56:  ⨯ The requested resource isn't a valid image for /network-images/~7169306/3b6f0eba-9019-4a47-91b4-47c9c6a394e3.png received null
